native-codec/app/build/intermediates/manifest_merge_blame_file/debug/manifest-merger-blame-debug-report.txt
1<?xml version="1.0" encoding="utf-8"?>
2<manifest xmlns:android="http://schemas.android.com/apk/res/android"
3    package="com.example.nativecodec" >
4
5    <uses-sdk
6        android:minSdkVersion="21"
6-->src/main/AndroidManifest.xml
7        android:targetSdkVersion="28" />
7-->src/main/AndroidManifest.xml
8
9    <uses-feature android:glEsVersion="0x00020000" />
9-->src/main/AndroidManifest.xml:5:3-52
9-->src/main/AndroidManifest.xml:5:17-49
10
11    <!-- INTERNET is needed to use a URI-based media player, depending on the URI -->
12    <uses-permission android:name="android.permission.INTERNET" />
12-->src/main/AndroidManifest.xml:8:3-81
12-->src/main/AndroidManifest.xml:8:20-62
13
14    <application
14-->src/main/AndroidManifest.xml:10:3-22:17
15        android:allowBackup="false"
15-->src/main/AndroidManifest.xml:11:7-34
16        android:debuggable="true"
17        android:fullBackupContent="false"
17-->src/main/AndroidManifest.xml:12:7-40
18        android:icon="@mipmap/ic_launcher"
18-->src/main/AndroidManifest.xml:13:7-41
19        android:label="@string/app_name" >
19-->src/main/AndroidManifest.xml:14:7-39
20        <activity
20-->src/main/AndroidManifest.xml:15:5-21:16
21            android:name="com.example.nativecodec.NativeCodec"
21-->src/main/AndroidManifest.xml:15:15-42
22            android:label="@string/app_name" >
22-->src/main/AndroidManifest.xml:16:15-47
23            <intent-filter>
23-->src/main/AndroidManifest.xml:17:7-20:23
24                <action android:name="android.intent.action.MAIN" />
24-->src/main/AndroidManifest.xml:18:9-61
24-->src/main/AndroidManifest.xml:18:17-58
25
26                <category android:name="android.intent.category.LAUNCHER" />
26-->src/main/AndroidManifest.xml:19:9-69
26-->src/main/AndroidManifest.xml:19:19-66
27            </intent-filter>
28        </activity>
29    </application>
30
31</manifest>